Using pre-set license
Built from '2021.3/staging' branch; Version is '2021.3.13f1 (9e7d58001ecf) revision 10386776'; Using compiler version '192829333'; Build Type 'Release'
OS: 'Windows 10  (10.0.19044) 64bit CoreSingleLanguage' Language: 'es' Physical Memory: 16178 MB
BatchMode: 1, IsHumanControllingUs: 0, StartBugReporterOnCrash: 0, Is64bit: 1, IsPro: 1

COMMAND LINE ARGUMENTS:
D:\ProgramFiles\Unityhub\Editor\2021.3.13f1\Editor\Unity.exe
-adb2
-batchMode
-noUpm
-name
AssetImportWorker0
-projectPath
D:/ProgramFiles/Unityhub/Projects/My project
-logFile
Logs/AssetImportWorker0.log
-srvPort
56300
Successfully changed project path to: D:/ProgramFiles/Unityhub/Projects/My project
D:/ProgramFiles/Unityhub/Projects/My project
[UnityMemory] Configuration Parameters - Can be set up in boot.config
    "memorysetup-bucket-allocator-granularity=16"
    "memorysetup-bucket-allocator-bucket-count=8"
    "memorysetup-bucket-allocator-block-size=33554432"
    "memorysetup-bucket-allocator-block-count=8"
    "memorysetup-main-allocator-block-size=16777216"
    "memorysetup-thread-allocator-block-size=16777216"
    "memorysetup-gfx-main-allocator-block-size=16777216"
    "memorysetup-gfx-thread-allocator-block-size=16777216"
    "memorysetup-cache-allocator-block-size=4194304"
    "memorysetup-typetree-allocator-block-size=2097152"
    "memorysetup-profiler-bucket-allocator-granularity=16"
    "memorysetup-profiler-bucket-allocator-bucket-count=8"
    "memorysetup-profiler-bucket-allocator-block-size=33554432"
    "memorysetup-profiler-bucket-allocator-block-count=8"
    "memorysetup-profiler-allocator-block-size=16777216"
    "memorysetup-profiler-editor-allocator-block-size=1048576"
    "memorysetup-temp-allocator-size-main=16777216"
    "memorysetup-job-temp-allocator-block-size=2097152"
    "memorysetup-job-temp-allocator-block-size-background=1048576"
    "memorysetup-job-temp-allocator-reduction-small-platforms=262144"
    "memorysetup-temp-allocator-size-background-worker=32768"
    "memorysetup-temp-allocator-size-job-worker=262144"
    "memorysetup-temp-allocator-size-preload-manager=33554432"
    "memorysetup-temp-allocator-size-nav-mesh-worker=65536"
    "memorysetup-temp-allocator-size-audio-worker=65536"
    "memorysetup-temp-allocator-size-cloud-worker=32768"
    "memorysetup-temp-allocator-size-gi-baking-worker=262144"
    "memorysetup-temp-allocator-size-gfx=262144"
Refreshing native plugins compatible for Editor in 168.31 ms, found 3 plugins.
Preloading 0 native plugins for Editor in 0.00 ms.
Initialize engine version: 2021.3.13f1 (9e7d58001ecf)
[Subsystems] Discovering subsystems at path D:/ProgramFiles/Unityhub/Editor/2021.3.13f1/Editor/Data/Resources/UnitySubsystems
[Subsystems] Discovering subsystems at path D:/ProgramFiles/Unityhub/Projects/My project/Assets
GfxDevice: creating device client; threaded=0; jobified=0
Direct3D:
    Version:  Direct3D 11.0 [level 11.1]
    Renderer: NVIDIA GeForce GTX 1050 Ti (ID=0x1c8c)
    Vendor:   NVIDIA
    VRAM:     4018 MB
    Driver:   30.0.15.1169
Initialize mono
Mono path[0] = 'D:/ProgramFiles/Unityhub/Editor/2021.3.13f1/Editor/Data/Managed'
Mono path[1] = 'D:/ProgramFiles/Unityhub/Editor/2021.3.13f1/Editor/Data/MonoBleedingEdge/lib/mono/unityjit-win32'
Mono config path = 'D:/ProgramFiles/Unityhub/Editor/2021.3.13f1/Editor/Data/MonoBleedingEdge/etc'
Using monoOptions --debugger-agent=transport=dt_socket,embedding=1,server=y,suspend=n,address=127.0.0.1:56024
Begin MonoManager ReloadAssembly
Registering precompiled unity dll's ...
Register platform support module: D:/ProgramFiles/Unityhub/Editor/2021.3.13f1/Editor/Data/PlaybackEngines/WebGLSupport/UnityEditor.WebGL.Extensions.dll
Register platform support module: D:/ProgramFiles/Unityhub/Editor/2021.3.13f1/Editor/Data/PlaybackEngines/WindowsStandaloneSupport/UnityEditor.WindowsStandalone.Extensions.dll
Registered in 0.007417 seconds.
Native extension for WindowsStandalone target not found
Native extension for WebGL target not found
Refreshing native plugins compatible for Editor in 172.08 ms, found 3 plugins.
Preloading 0 native plugins for Editor in 0.00 ms.
Mono: successfully reloaded assembly
- Completed reload, in  1.287 seconds
Domain Reload Profiling:
	ReloadAssembly (1288ms)
		BeginReloadAssembly (146ms)
			ExecutionOrderSort (0ms)
			DisableScriptedObjects (0ms)
			BackupInstance (0ms)
			ReleaseScriptingObjects (0ms)
			CreateAndSetChildDomain (1ms)
		EndReloadAssembly (916ms)
			LoadAssemblies (145ms)
			RebuildTransferFunctionScriptingTraits (0ms)
			SetupTypeCache (203ms)
			ReleaseScriptCaches (0ms)
			RebuildScriptCaches (52ms)
			SetupLoadedEditorAssemblies (572ms)
				LogAssemblyErrors (0ms)
				InitializePlatformSupportModulesInManaged (14ms)
				SetLoadedEditorAssemblies (0ms)
				RefreshPlugins (172ms)
				BeforeProcessingInitializeOnLoad (2ms)
				ProcessInitializeOnLoadAttributes (296ms)
				ProcessInitializeOnLoadMethodAttributes (87ms)
				AfterProcessingInitializeOnLoad (0ms)
				EditorAssembliesLoaded (0ms)
			ExecutionOrderSort2 (0ms)
			AwakeInstancesAfterBackupRestoration (0ms)
Platform modules already initialized, skipping
Registering precompiled user dll's ...
Registered in 0.013526 seconds.
Begin MonoManager ReloadAssembly
Symbol file LoadedFromMemory doesn't match image D:\ProgramFiles\Unityhub\Projects\My project\Library\PackageCache\com.unity.visualscripting@1.7.8\Editor\VisualScripting.Core\Dependencies\YamlDotNet\Unity.VisualScripting.YamlDotNet.dll
Symbol file LoadedFromMemory doesn't match image D:\ProgramFiles\Unityhub\Projects\My project\Library\PackageCache\com.unity.visualscripting@1.7.8\Editor\VisualScripting.Core\Dependencies\DotNetZip\Unity.VisualScripting.IonicZip.dll
Native extension for WindowsStandalone target not found
Native extension for WebGL target not found
Refreshing native plugins compatible for Editor in 0.79 ms, found 3 plugins.
Preloading 0 native plugins for Editor in 0.00 ms.
Mono: successfully reloaded assembly
- Completed reload, in  1.523 seconds
Domain Reload Profiling:
	ReloadAssembly (1525ms)
		BeginReloadAssembly (208ms)
			ExecutionOrderSort (0ms)
			DisableScriptedObjects (13ms)
			BackupInstance (0ms)
			ReleaseScriptingObjects (0ms)
			CreateAndSetChildDomain (32ms)
		EndReloadAssembly (1105ms)
			LoadAssemblies (131ms)
			RebuildTransferFunctionScriptingTraits (0ms)
			SetupTypeCache (403ms)
			ReleaseScriptCaches (1ms)
			RebuildScriptCaches (53ms)
			SetupLoadedEditorAssemblies (460ms)
				LogAssemblyErrors (0ms)
				InitializePlatformSupportModulesInManaged (10ms)
				SetLoadedEditorAssemblies (1ms)
				RefreshPlugins (1ms)
				BeforeProcessingInitializeOnLoad (196ms)
				ProcessInitializeOnLoadAttributes (213ms)
				ProcessInitializeOnLoadMethodAttributes (34ms)
				AfterProcessingInitializeOnLoad (6ms)
				EditorAssembliesLoaded (0ms)
			ExecutionOrderSort2 (0ms)
			AwakeInstancesAfterBackupRestoration (13ms)
Platform modules already initialized, skipping
========================================================================
Worker process is ready to serve import requests
Launched and connected shader compiler UnityShaderCompiler.exe after 0.10 seconds
Refreshing native plugins compatible for Editor in 1.18 ms, found 3 plugins.
Preloading 0 native plugins for Editor in 0.00 ms.
Unloading 3367 Unused Serialized files (Serialized files now loaded: 0)
Unloading 22 unused Assets / (113.6 KB). Loaded Objects now: 3840.
Memory consumption went from 128.1 MB to 128.0 MB.
Total: 7.170700 ms (FindLiveObjects: 0.541200 ms CreateObjectMapping: 0.537700 ms MarkObjects: 5.868300 ms  DeleteObjects: 0.221900 ms)

AssetImportParameters requested are different than current active one (requested -> active):
  custom:video-decoder-ogg-theora: a1e56fd34408186e4bbccfd4996cb3dc -> 
  custom:container-muxer-webm: aa71ff27fc2769a1b78a27578f13a17b -> 
  custom:container-demuxer-webm: 4f35f7cbe854078d1ac9338744f61a02 -> 
  custom:video-encoder-webm-vp8: eb34c28f22e8b96e1ab97ce403110664 -> 
  custom:video-codec-MediaFoundation-h265: 746d11721c4dcdbdad8f713fa42b33f4 -> 
  custom:audio-encoder-webm-vorbis: bf7c407c2cedff20999df2af8eb42d56 -> 
  custom:framework-win-MediaFoundation: 216162199b28c13a410421893ffa2e32 -> 
  custom:container-demuxer-ogg: 62fdf1f143b41e24485cea50d1cbac27 -> 
  custom:video-decoder-webm-vp8: 9c59270c3fd7afecdb556c50c9e8de78 -> 
  custom:audio-decoder-ogg-vorbis: bf7c407c2cedff20999df2af8eb42d56 -> 
========================================================================
Received Import Request.
  Time since last request: 71795.093003 seconds.
  path: Assets/MobileDepthWater/Scenes
  artifactKey: Guid(2caf604f4a11e0641b289d84e1cc22c3) Importer(815301076,1909f56bfc062723c751e8b465ee728b)
Start importing Assets/MobileDepthWater/Scenes using Guid(2caf604f4a11e0641b289d84e1cc22c3) Importer(815301076,1909f56bfc062723c751e8b465ee728b)  -> (artifact id: '8bbf46c6aa0c1044ad3a24cffb234490') in 0.010786 seconds 
========================================================================
Received Import Request.
  Time since last request: 3.313736 seconds.
  path: Assets/MobileDepthWater/Materials
  artifactKey: Guid(dd1ef76f7c4ba1149a3ec2b62ed1c6f4) Importer(815301076,1909f56bfc062723c751e8b465ee728b)
Start importing Assets/MobileDepthWater/Materials using Guid(dd1ef76f7c4ba1149a3ec2b62ed1c6f4) Importer(815301076,1909f56bfc062723c751e8b465ee728b)  -> (artifact id: '86e5cfbce50ba47781f55fd2d54e82e8') in 0.003707 seconds 
========================================================================
Received Import Request.
  Time since last request: 0.260385 seconds.
  path: Assets/MobileDepthWater/Materials/BoatTop.mat
  artifactKey: Guid(261c4caf1e4fb3841b93e6f84a3de745) Importer(815301076,1909f56bfc062723c751e8b465ee728b)
Start importing Assets/MobileDepthWater/Materials/BoatTop.mat using Guid(261c4caf1e4fb3841b93e6f84a3de745) Importer(815301076,1909f56bfc062723c751e8b465ee728b)  -> (artifact id: 'c26da9305c1b8cb1b52f08673809129e') in 0.542076 seconds 
========================================================================
Received Import Request.
  Time since last request: 3.772238 seconds.
  path: Assets/MobileDepthWater/Materials/Water
  artifactKey: Guid(f53895c34d2cc684a969403ff375e029) Importer(815301076,1909f56bfc062723c751e8b465ee728b)
Start importing Assets/MobileDepthWater/Materials/Water using Guid(f53895c34d2cc684a969403ff375e029) Importer(815301076,1909f56bfc062723c751e8b465ee728b)  -> (artifact id: '821ddc5eccc0573090441bb9226b834f') in 0.002413 seconds 
========================================================================
Received Import Request.
  Time since last request: 0.236253 seconds.
  path: Assets/MobileDepthWater/Materials/Water/Water.mat
  artifactKey: Guid(bbdc3364420d0b24999bc03774829c53) Importer(815301076,1909f56bfc062723c751e8b465ee728b)
Start importing Assets/MobileDepthWater/Materials/Water/Water.mat using Guid(bbdc3364420d0b24999bc03774829c53) Importer(815301076,1909f56bfc062723c751e8b465ee728b)  -> (artifact id: 'e2c381f3403544eb2122c2e6a8f42efd') in 0.103207 seconds 
========================================================================
Received Import Request.
  Time since last request: 0.000023 seconds.
  path: Assets/MobileDepthWater/Materials/Water/WaterGround.mat
  artifactKey: Guid(16d37c33eb1f38e4fb1cf72191e9ef03) Importer(815301076,1909f56bfc062723c751e8b465ee728b)
Start importing Assets/MobileDepthWater/Materials/Water/WaterGround.mat using Guid(16d37c33eb1f38e4fb1cf72191e9ef03) Importer(815301076,1909f56bfc062723c751e8b465ee728b)  -> (artifact id: '07d444fe3fd635ed56a88b44dff8c149') in 0.024710 seconds 
========================================================================
Received Import Request.
  Time since last request: 41.954162 seconds.
  path: Assets/MobileDepthWater/Materials/LakeIsland
  artifactKey: Guid(de98537ebc54b5c4f978e9f5b25f35ef) Importer(815301076,1909f56bfc062723c751e8b465ee728b)
Start importing Assets/MobileDepthWater/Materials/LakeIsland using Guid(de98537ebc54b5c4f978e9f5b25f35ef) Importer(815301076,1909f56bfc062723c751e8b465ee728b)  -> (artifact id: 'd493c88dbc0dd91ee2bcd5bd1cb3fb8a') in 0.003449 seconds 
========================================================================
Received Import Request.
  Time since last request: 2.541249 seconds.
  path: Assets/MobileDepthWater/Materials/Skybox
  artifactKey: Guid(c78bf29598350e24c8ed7ae1f5311439) Importer(815301076,1909f56bfc062723c751e8b465ee728b)
Start importing Assets/MobileDepthWater/Materials/Skybox using Guid(c78bf29598350e24c8ed7ae1f5311439) Importer(815301076,1909f56bfc062723c751e8b465ee728b)  -> (artifact id: '8112a2d09a171fd6a2644c42396ac46b') in 0.002934 seconds 
========================================================================
Received Import Request.
  Time since last request: 0.295492 seconds.
  path: Assets/MobileDepthWater/Materials/Skybox/sky_DN.psd
  artifactKey: Guid(2925179f4a14f8e49b5e0ad1a49b08f9) Importer(815301076,1909f56bfc062723c751e8b465ee728b)
Start importing Assets/MobileDepthWater/Materials/Skybox/sky_DN.psd using Guid(2925179f4a14f8e49b5e0ad1a49b08f9) Importer(815301076,1909f56bfc062723c751e8b465ee728b)  -> (artifact id: 'd56c71ace196c5f778140a0e774dff7e') in 0.082205 seconds 
========================================================================
Received Import Request.
  Time since last request: 69.086759 seconds.
  path: Assets/GrassFlowers/Textures/Ground
  artifactKey: Guid(1778770213e6d284eafc7eaa31ef8f4c) Importer(815301076,1909f56bfc062723c751e8b465ee728b)
Start importing Assets/GrassFlowers/Textures/Ground using Guid(1778770213e6d284eafc7eaa31ef8f4c) Importer(815301076,1909f56bfc062723c751e8b465ee728b)  -> (artifact id: '339c0a053dfc341d2fd701c39a2a8ef2') in 0.003690 seconds 
========================================================================
Received Import Request.
  Time since last request: 0.298315 seconds.
  path: Assets/GrassFlowers/Textures/Ground/Grass01_BigUV.png
  artifactKey: Guid(38bb15d6b378aff46b461e248592d1da) Importer(815301076,1909f56bfc062723c751e8b465ee728b)
Start importing Assets/GrassFlowers/Textures/Ground/Grass01_BigUV.png using Guid(38bb15d6b378aff46b461e248592d1da) Importer(815301076,1909f56bfc062723c751e8b465ee728b)  -> (artifact id: '684b69127b2534bb609e2a2c1b733b1f') in 0.303224 seconds 
========================================================================
Received Import Request.
  Time since last request: 2.495959 seconds.
  path: Assets/GrassFlowers/Textures/GrassFlowers/NewLayer 1.terrainlayer
  artifactKey: Guid(d5e00a86409926945886ec633a839c5b) Importer(815301076,1909f56bfc062723c751e8b465ee728b)
Start importing Assets/GrassFlowers/Textures/GrassFlowers/NewLayer 1.terrainlayer using Guid(d5e00a86409926945886ec633a839c5b) Importer(815301076,1909f56bfc062723c751e8b465ee728b)  -> (artifact id: 'a8a94e947b5f57540d13b1108aeefd17') in 0.096426 seconds 
========================================================================
Received Import Request.
  Time since last request: 7.200688 seconds.
  path: Assets/MobileDepthWater/Animations
  artifactKey: Guid(7ce166302ef804a489853c878c5eaf31) Importer(815301076,1909f56bfc062723c751e8b465ee728b)
Start importing Assets/MobileDepthWater/Animations using Guid(7ce166302ef804a489853c878c5eaf31) Importer(815301076,1909f56bfc062723c751e8b465ee728b)  -> (artifact id: '575ea637c12ab7825cd7ff22fa3b8f99') in 0.002749 seconds 
========================================================================
Received Import Request.
  Time since last request: 3.167586 seconds.
  path: Assets/MobileDepthWater/Animations/Boat.anim
  artifactKey: Guid(a084dd07439005c4887db23db1e72573) Importer(815301076,1909f56bfc062723c751e8b465ee728b)
Start importing Assets/MobileDepthWater/Animations/Boat.anim using Guid(a084dd07439005c4887db23db1e72573) Importer(815301076,1909f56bfc062723c751e8b465ee728b)  -> (artifact id: '5c86d4b13d1d5f5510a87a050b1a7536') in 0.006885 seconds 
========================================================================
Received Import Request.
  Time since last request: 43.281176 seconds.
  path: Assets/MobileDepthWater/Scenes/DemoScene/LightingData.asset
  artifactKey: Guid(4da78b5bbbc272348b342b3bbd12af5a) Importer(815301076,1909f56bfc062723c751e8b465ee728b)
Start importing Assets/MobileDepthWater/Scenes/DemoScene/LightingData.asset using Guid(4da78b5bbbc272348b342b3bbd12af5a) Importer(815301076,1909f56bfc062723c751e8b465ee728b) Lighting data asset ‘LightingData’ is incompatible with the current Unity version. Please use Generate Lighting to rebuild the lighting data. Realtime Global Illumination cannot be used until the lighting data is rebuilt.
Lighting data asset ‘LightingData’ is incompatible with the current Unity version because the scene it was baked for was not serialized. Please use Generate Lighting to rebuild the lighting data, or assign the target scene to the Lighting Data Asset in the inspector.
 -> (artifact id: 'b5d7801574e2be0bef815d4e0839ddc0') in 0.006837 seconds 
========================================================================
Received Import Request.
  Time since last request: 5.965853 seconds.
  path: Assets/MobileDepthWater/Scenes/DemoScene/Lightmap-0_comp_light.exr
  artifactKey: Guid(07be701ed768e8e4d8b55c26f55a556a) Importer(815301076,1909f56bfc062723c751e8b465ee728b)
Start importing Assets/MobileDepthWater/Scenes/DemoScene/Lightmap-0_comp_light.exr using Guid(07be701ed768e8e4d8b55c26f55a556a) Importer(815301076,1909f56bfc062723c751e8b465ee728b)  -> (artifact id: '1404eb9b75e92179ad93e98f21c6c3fd') in 0.097610 seconds 
========================================================================
Received Import Request.
  Time since last request: 15.694148 seconds.
  path: Assets/MobileDepthWater/Scenes/DemoScene
  artifactKey: Guid(8979ad64b7e77f448861079de6c3553b) Importer(815301076,1909f56bfc062723c751e8b465ee728b)
Start importing Assets/MobileDepthWater/Scenes/DemoScene using Guid(8979ad64b7e77f448861079de6c3553b) Importer(815301076,1909f56bfc062723c751e8b465ee728b)  -> (artifact id: '34ae2471b3be145f8f2170b0cf5166ae') in 0.002626 seconds 
========================================================================
Received Import Request.
  Time since last request: 58.879754 seconds.
  path: Assets/MobileDepthWater/Models
  artifactKey: Guid(43d93beca960ca042b2fd8e0a67a7b78) Importer(815301076,1909f56bfc062723c751e8b465ee728b)
Start importing Assets/MobileDepthWater/Models using Guid(43d93beca960ca042b2fd8e0a67a7b78) Importer(815301076,1909f56bfc062723c751e8b465ee728b)  -> (artifact id: '0cd0572f386d9272dc893b5ff8480f36') in 0.002705 seconds 
========================================================================
Received Import Request.
  Time since last request: 0.216058 seconds.
  path: Assets/MobileDepthWater/Models/Boat.fbx
  artifactKey: Guid(5316b3783210d0642b67f41bff1e2c51) Importer(815301076,1909f56bfc062723c751e8b465ee728b)
Start importing Assets/MobileDepthWater/Models/Boat.fbx using Guid(5316b3783210d0642b67f41bff1e2c51) Importer(815301076,1909f56bfc062723c751e8b465ee728b)  -> (artifact id: 'd1ee287fc02b800449859dd651feb34d') in 0.378523 seconds 
========================================================================
Received Import Request.
  Time since last request: 0.000031 seconds.
  path: Assets/MobileDepthWater/Models/Island.fbx
  artifactKey: Guid(371d3425353fbd74f927b386d74d4eff) Importer(815301076,1909f56bfc062723c751e8b465ee728b)
Start importing Assets/MobileDepthWater/Models/Island.fbx using Guid(371d3425353fbd74f927b386d74d4eff) Importer(815301076,1909f56bfc062723c751e8b465ee728b)  -> (artifact id: 'a3b4946ac1e42beec879582cd9a4ac67') in 0.119323 seconds 
========================================================================
Received Import Request.
  Time since last request: 0.000035 seconds.
  path: Assets/MobileDepthWater/Models/Tree.fbx
  artifactKey: Guid(8dfb3bdf788cbc345a338b5bd53d276b) Importer(815301076,1909f56bfc062723c751e8b465ee728b)
Start importing Assets/MobileDepthWater/Models/Tree.fbx using Guid(8dfb3bdf788cbc345a338b5bd53d276b) Importer(815301076,1909f56bfc062723c751e8b465ee728b)  -> (artifact id: 'ea9fd2a61ab44337b6d2be12dd2f4013') in 0.096830 seconds 
========================================================================
Received Import Request.
  Time since last request: 261.925098 seconds.
  path: Assets/MobileDepthWater/Textures/TreeColor.psd
  artifactKey: Guid(7fcf40529df2320439b16b2e2037f499) Importer(815301076,1909f56bfc062723c751e8b465ee728b)
Start importing Assets/MobileDepthWater/Textures/TreeColor.psd using Guid(7fcf40529df2320439b16b2e2037f499) Importer(815301076,1909f56bfc062723c751e8b465ee728b)  -> (artifact id: '1eccacc626cab619b7a727310cb8e8e0') in 0.015787 seconds 
========================================================================
Received Import Request.
  Time since last request: 0.000034 seconds.
  path: Assets/MobileDepthWater/Textures/WaterDistortion.psd
  artifactKey: Guid(f6acd684980920849a180e1c541fb199) Importer(815301076,1909f56bfc062723c751e8b465ee728b)
Start importing Assets/MobileDepthWater/Textures/WaterDistortion.psd using Guid(f6acd684980920849a180e1c541fb199) Importer(815301076,1909f56bfc062723c751e8b465ee728b)  -> (artifact id: 'd34f282c2a5f37c0b39768a3d8628c3f') in 0.019149 seconds 
========================================================================
Received Import Request.
  Time since last request: 0.000028 seconds.
  path: Assets/MobileDepthWater/Textures/Water.psd
  artifactKey: Guid(92b12dd963505404f9025476f49cb3c9) Importer(815301076,1909f56bfc062723c751e8b465ee728b)
Start importing Assets/MobileDepthWater/Textures/Water.psd using Guid(92b12dd963505404f9025476f49cb3c9) Importer(815301076,1909f56bfc062723c751e8b465ee728b)  -> (artifact id: '8c1e32362b7cb450a47917f32199aa46') in 0.012360 seconds 
